[ 15.05.2025 - 18:23:04 ]
    (MSG) [2] SMILExtract: openSMILE starting!
[ 15.05.2025 - 18:23:04 ]
    (MSG) [2] SMILExtract: config file is: C:\Amelie\repertoire_non_sauvegarde\opensmile\config\emobase\emobase.conf
[ 15.05.2025 - 18:23:04 ]
    (MSG) [2] cComponentManager: successfully registered 103 component types.
[ 15.05.2025 - 18:23:04 ]
    (MSG) [2] instance 'lldsink': No filename given, disabling this sink component.
[ 15.05.2025 - 18:23:04 ]
    (MSG) [2] instance 'lldhtksink': No filename given, disabling this sink component.
[ 15.05.2025 - 18:23:04 ]
    (MSG) [2] instance 'lldarffsink': No filename given, disabling this sink component.
[ 15.05.2025 - 18:23:04 ]
    (MSG) [2] instance 'csvsink': No filename given, disabling this sink component.
[ 15.05.2025 - 18:23:04 ]
    (MSG) [2] instance 'htksink': No filename given, disabling this sink component.
[ 15.05.2025 - 18:23:04 ]
    (MSG) [2] cComponentManager: successfully finished createInstances (28 component instances were finalised, 1 data memories were finalised)
[ 15.05.2025 - 18:23:04 ]
    (MSG) [2] cComponentManager: starting single thread processing loop
[ 15.05.2025 - 18:23:04 ]
    (MSG) [2] cComponentManager: Processing finished! System ran for 1361 ticks.
